<?xml version="1.0" encoding="UTF-8"?>
<!-- Generated by org.testng.reporters.JUnitReportReporter -->
<testsuite skipped="0" hostname="LAPTOP-KO317EUS" name="Execution.Execution" tests="2" failures="0" timestamp="2020-05-18T23:16:01 PDT" time="8.568" errors="0">
  <testcase name="one" time="6.173" classname="Execution.Execution"/>
  <system-out/>
  <testcase name="two" time="2.395" classname="Execution.Execution"/>
  <system-out/>
</testsuite> <!-- Execution.Execution -->
